info: Server is listening at 3000.
info: Connected to Mongodb.
info: Server is listening at 3000.
info: Connected to Mongodb.
info: Server is listening at 3000.
info: Connected to Mongodb.
info: Server is listening at 3000.
info: Connected to Mongodb.
info: Server is listening at 3000.
info: Connected to Mongodb.
info: Server is listening at 3000.
info: Connected to Mongodb.
info: Server is listening at 3000.
info: Connected to Mongodb.
info: Server is listening at 3000.
info: Connected to Mongodb.
info: Server is listening at 3000.
info: Connected to Mongodb.
info: Server is listening at 3000.
info: Connected to Mongodb.
info: Server is listening at 3000.
info: Connected to Mongodb.
info: Server is listening at 3000.
info: Connected to Mongodb.
info: Server is listening at 3000.
info: Connected to Mongodb.
info: Server is listening at 3000.
info: Connected to Mongodb.
info: Server is listening at 3000.
info: Connected to Mongodb.
info: Server is listening at 3000.
info: Connected to Mongodb.
info: Server is listening at 3000.
info: Connected to Mongodb.
info: Server is listening at 3000.
info: Connected to Mongodb.
info: Server is listening at 3000.
info: Connected to Mongodb.
info: Server is listening at 3000.
info: Connected to Mongodb.
info: Server is listening at 3000.
info: Connected to Mongodb.
info: Server is listening at 3000.
info: Connected to Mongodb.
info: Server is listening at 3000.
info: Connected to Mongodb.
info: Server is listening at 3000.
info: Connected to Mongodb.
info: Server is listening at 3000.
info: Connected to Mongodb.
info: Server is listening at 3000.
info: Connected to Mongodb.
info: Server is listening at 3000.
info: Connected to Mongodb.
info: Server is listening at 3000.
info: Connected to Mongodb.
info: Server is listening at 3000.
info: Connected to Mongodb.
info: Server is listening at 3000.
info: Connected to Mongodb.
info: Server is listening at 3000.
info: Connected to Mongodb.
info: Server is listening at 3000.
info: Connected to Mongodb.
info: Server is listening at 3000.
info: Connected to Mongodb.
info: Server is listening at 3000.
info: Connected to Mongodb.
info: Server is listening at 3000.
info: Connected to Mongodb.
info: Server is listening at 3000.
info: Connected to Mongodb.
info: Server is listening at 3000.
info: Connected to Mongodb.
info: Server is listening at 3000.
info: Connected to Mongodb.
info: Server is listening at 3000.
info: Connected to Mongodb.
info: Server is listening at 3000.
info: Connected to Mongodb.
info: Server is listening at 3000.
info: Connected to Mongodb.
info: Server is listening at 3000.
info: Connected to Mongodb.
info: Server is listening at 3000.
info: Connected to Mongodb.
info: Server is listening at 3000.
info: Connected to Mongodb.
info: Server is listening at 3000.
info: Connected to Mongodb.
info: Server is listening at 3000.
info: Connected to Mongodb.
info: Server is listening at 3000.
info: Connected to Mongodb.
info: Server is listening at 3000.
info: Connected to Mongodb.
info: Server is listening at 3000.
info: Connected to Mongodb.
info: Server is listening at 3000.
info: Connected to Mongodb.
info: Server is listening at 3000.
info: Connected to Mongodb.
info: Server is listening at 3000.
info: Connected to Mongodb.
info: Server is listening at 3000.
info: Connected to Mongodb.
info: Server is listening at 3000.
info: Connected to Mongodb.
info: Server is listening at 3000.
info: Connected to Mongodb.
info: Server is listening at 3000.
info: Connected to Mongodb.
info: Server is listening at 3000.
info: Connected to Mongodb.
info: Server is listening at 3000.
info: Connected to Mongodb.
info: Server is listening at 3000.
info: Connected to Mongodb.
info: Server is listening at 3000.
info: Connected to Mongodb.
info: Server is listening at 3000.
info: Connected to Mongodb.
info: Server is listening at 3000.
info: Connected to Mongodb.
info: Server is listening at 3000.
info: Connected to Mongodb.
info: Server is listening at 3000.
info: Connected to Mongodb.
info: Server is listening at 3000.
info: Connected to Mongodb.
info: Server is listening at 3000.
info: Connected to Mongodb.
info: Server is listening at 3000.
info: Connected to Mongodb.
info: Server is listening at 3000.
info: Connected to Mongodb.
info: Server is listening at 3000.
info: Server is listening at 3000.
info: Connected to Mongodb.
info: Server is listening at 3000.
info: Connected to Mongodb.
info: Server is listening at 3000.
info: Connected to Mongodb.
info: Server is listening at 3000.
info: Connected to Mongodb.
info: Server is listening at 3000.
info: Connected to Mongodb.
info: Server is listening at 3000.
info: Connected to Mongodb.
info: Server is listening at 3000.
info: Connected to Mongodb.
info: Server is listening at 3000.
info: Connected to Mongodb.
info: Server is listening at 3000.
info: Connected to Mongodb.
info: Server is listening at 3000.
info: Connected to Mongodb.
info: Server is listening at 3000.
info: Connected to Mongodb.
info: Server is listening at 3000.
info: Connected to Mongodb.
info: Server is listening at 3000.
info: Connected to Mongodb.
info: Server is listening at 3000.
info: Connected to Mongodb.
info: Server is listening at 3000.
info: Connected to Mongodb.
info: Server is listening at 3000.
info: Connected to Mongodb.
info: Server is listening at 3000.
info: Connected to Mongodb.
info: Server is listening at 3000.
info: Connected to Mongodb.
info: Server is listening at 3000.
info: Connected to Mongodb.
info: Server is listening at 3000.
info: Connected to Mongodb.
info: Server is listening at 3000.
info: Connected to Mongodb.
info: Server is listening at 3000.
info: Connected to Mongodb.
info: Server is listening at 3000.
info: Connected to Mongodb.
info: Server is listening at 3000.
info: Connected to Mongodb.
info: Server is listening at 3000.
info: Connected to Mongodb.
info: Server is listening at 3000.
info: Connected to Mongodb.
info: Server is listening at 3000.
info: Connected to Mongodb.
info: Server is listening at 3000.
info: Connected to Mongodb.
info: Server is listening at 3000.
info: Connected to Mongodb.
info: Server is listening at 3000.
info: Connected to Mongodb.
info: Server is listening at 3000.
info: Connected to Mongodb.
info: Server is listening at 3000.
info: Connected to Mongodb.
info: Server is listening at 3000.
info: Connected to Mongodb.
info: Server is listening at 3000.
info: Connected to Mongodb.
info: Server is listening at 3000.
info: Connected to Mongodb.
info: Server is listening at 3000.
info: Connected to Mongodb.
error: please provide the user id you wanna start a conversation with !
info: Server is listening at 3000.
info: Connected to Mongodb.
error: please provide the user id you wanna start a conversation with !
info: Server is listening at 3000.
info: Connected to Mongodb.
error: please provide the user id you wanna start a conversation with !
error: please provide the user id you wanna start a conversation with !
info: Server is listening at 3000.
info: Connected to Mongodb.
error: please provide the user id you wanna start a conversation with !
info: Server is listening at 3000.
info: Connected to Mongodb.
error: please provide the user id you wanna start a conversation with !
info: Server is listening at 3000.
info: Connected to Mongodb.
info: Server is listening at 3000.
info: Connected to Mongodb.
info: Server is listening at 3000.
info: Connected to Mongodb.
info: Server is listening at 3000.
info: Connected to Mongodb.
info: Server is listening at 3000.
info: Connected to Mongodb.
info: Server is listening at 3000.
info: Connected to Mongodb.
info: Server is listening at 3000.
info: Connected to Mongodb.
info: Server is listening at 3000.
info: Connected to Mongodb.
info: Server is listening at 3000.
info: Connected to Mongodb.
info: Server is listening at 3000.
info: Connected to Mongodb.
info: Server is listening at 3000.
info: Connected to Mongodb.
info: Server is listening at 3000.
info: Connected to Mongodb.
info: Server is listening at 3000.
info: Connected to Mongodb.
info: Server is listening at 3000.
info: Connected to Mongodb.
info: Server is listening at 3000.
info: Connected to Mongodb.
info: Server is listening at 3000.
info: Connected to Mongodb.
info: Server is listening at 3000.
info: Connected to Mongodb.
info: Server is listening at 3000.
info: Connected to Mongodb.
info: Server is listening at 3000.
info: Connected to Mongodb.
info: Server is listening at 3000.
info: Connected to Mongodb.
info: Server is listening at 3000.
info: Connected to Mongodb.
info: Server is listening at 3000.
info: Connected to Mongodb.
info: Server is listening at 3000.
info: Connected to Mongodb.
info: Server is listening at 3000.
info: Connected to Mongodb.
info: Server is listening at 3000.
info: Connected to Mongodb.
info: Server is listening at 3000.
info: Connected to Mongodb.
info: Server is listening at 3000.
info: Connected to Mongodb.
info: Server is listening at 3000.
info: Connected to Mongodb.
info: Server is listening at 3000.
info: Connected to Mongodb.
info: Server is listening at 3000.
info: Connected to Mongodb.
info: Server is listening at 3000.
info: Connected to Mongodb.
info: Server is listening at 3000.
info: Connected to Mongodb.
info: Server is listening at 3000.
info: Connected to Mongodb.
info: Server is listening at 3000.
info: Connected to Mongodb.
info: Server is listening at 3000.
info: Connected to Mongodb.
info: Server is listening at 3000.
info: Connected to Mongodb.
info: Server is listening at 3000.
info: Connected to Mongodb.
info: Server is listening at 3000.
info: Connected to Mongodb.
info: Server is listening at 3000.
info: Connected to Mongodb.
info: Server is listening at 3000.
info: Connected to Mongodb.
info: Server is listening at 3000.
info: Connected to Mongodb.
info: Server is listening at 3000.
info: Connected to Mongodb.
info: Server is listening at 3000.
info: Connected to Mongodb.
info: Server is listening at 3000.
info: Connected to Mongodb.
info: Server is listening at 3000.
info: Connected to Mongodb.
info: Server is listening at 3000.
info: Connected to Mongodb.
info: Server is listening at 3000.
info: Connected to Mongodb.
info: Server is listening at 3000.
info: Connected to Mongodb.
info: Server is listening at 3000.
info: Connected to Mongodb.
info: Server is listening at 3000.
info: Connected to Mongodb.
info: Server is listening at 3000.
info: Connected to Mongodb.
info: Server is listening at 3000.
info: Connected to Mongodb.
info: Server is listening at 3000.
info: Connected to Mongodb.
info: Server is listening at 3000.
info: Connected to Mongodb.
info: Server is listening at 3000.
info: Connected to Mongodb.
info: Server is listening at 3000.
info: Connected to Mongodb.
info: Server is listening at 3000.
info: Connected to Mongodb.
info: Server is listening at 3000.
info: Connected to Mongodb.
info: Server is listening at 3000.
info: Connected to Mongodb.
info: Server is listening at 3000.
info: Connected to Mongodb.
info: Server is listening at 3000.
info: Connected to Mongodb.
info: Server is listening at 3000.
info: Connected to Mongodb.
info: Server is listening at 3000.
info: Connected to Mongodb.
info: Server is listening at 3000.
info: Connected to Mongodb.
info: Server is listening at 3000.
info: Connected to Mongodb.
error: please provide the user id you wanna start a conversation with !
error: please provide the user id you wanna start a conversation with !
error: please provide the user id you wanna start a conversation with !
info: Server is listening at 3000.
info: Connected to Mongodb.
info: Server is listening at 3000.
info: Connected to Mongodb.
info: socket io connected successfully
info: socket io connected successfully
info: socket io connected successfully
info: socket io connected successfully
info: socket io connected successfully
info: socket io connected successfully
info: socket io connected successfully
info: socket io connected successfully
info: socket io connected successfully
info: socket io connected successfully
info: socket io connected successfully
info: socket io connected successfully
info: socket io connected successfully
info: socket io connected successfully
info: socket io connected successfully
info: socket io connected successfully
info: socket io connected successfully
info: Server is listening at 3000.
info: socket io connected successfully
info: Connected to Mongodb.
info: Server is listening at 3000.
info: socket io connected successfully
info: Connected to Mongodb.
info: Server is listening at 3000.
info: socket io connected successfully
info: Connected to Mongodb.
info: Server is listening at 3000.
info: socket io connected successfully
info: Connected to Mongodb.
info: socket io connected successfully
info: socket io connected successfully
info: socket io connected successfully
info: socket io connected successfully
info: socket io connected successfully
info: socket io connected successfully
info: Server is listening at 3000.
info: socket io connected successfully
info: socket io connected successfully
info: socket io connected successfully
info: Connected to Mongodb.
info: socket io connected successfully
info: socket io connected successfully
info: socket io connected successfully
info: socket io connected successfully
info: socket io connected successfully
info: socket io connected successfully
info: socket io connected successfully
info: socket io connected successfully
info: socket io connected successfully
info: socket io connected successfully
info: socket io connected successfully
info: socket io connected successfully
info: socket io connected successfully
info: socket io connected successfully
info: socket io connected successfully
info: socket io connected successfully
info: Server is listening at 3000.
info: Connected to Mongodb.
info: Server is listening at 3000.
info: Connected to Mongodb.
info: socket io connected successfully
info: Server is listening at 3000.
info: socket io connected successfully
info: Connected to Mongodb.
info: Server is listening at 3000.
info: socket io connected successfully
info: Connected to Mongodb.
info: Server is listening at 3000.
info: socket io connected successfully
info: Connected to Mongodb.
info: Server is listening at 3000.
info: socket io connected successfully
info: Connected to Mongodb.
info: Server is listening at 3000.
info: socket io connected successfully
info: Connected to Mongodb.
info: socket io connected successfully
info: socket io connected successfully
info: socket io connected successfully
info: socket io connected successfully
info: Server is listening at 3000.
info: socket io connected successfully
info: socket io connected successfully
info: socket io connected successfully
info: socket io connected successfully
info: Connected to Mongodb.
info: Server is listening at 3000.
info: socket io connected successfully
info: socket io connected successfully
info: socket io connected successfully
info: socket io connected successfully
info: Connected to Mongodb.
info: Server is listening at 3000.
info: socket io connected successfully
info: socket io connected successfully
info: socket io connected successfully
info: socket io connected successfully
info: Connected to Mongodb.
info: Server is listening at 3000.
info: socket io connected successfully
info: socket io connected successfully
info: socket io connected successfully
info: socket io connected successfully
info: Connected to Mongodb.
info: Server is listening at 3000.
info: socket io connected successfully
info: socket io connected successfully
info: socket io connected successfully
info: socket io connected successfully
info: Connected to Mongodb.
info: socket io connected successfully
info: socket io connected successfully
info: socket io connected successfully
info: socket io connected successfully
info: socket io connected successfully
info: socket io connected successfully
info: socket io connected successfully
info: socket io connected successfully
info: socket io connected successfully
info: socket io connected successfully
info: socket io connected successfully
info: Server is listening at 3000.
info: socket io connected successfully
info: socket io connected successfully
info: socket io connected successfully
info: socket io connected successfully
info: Connected to Mongodb.
info: Server is listening at 3000.
info: socket io connected successfully
info: socket io connected successfully
info: socket io connected successfully
info: socket io connected successfully
info: Connected to Mongodb.
info: socket io connected successfully
info: Server is listening at 3000.
info: socket io connected successfully
info: socket io connected successfully
info: socket io connected successfully
info: socket io connected successfully
info: Connected to Mongodb.
info: Server is listening at 3000.
info: socket io connected successfully
info: socket io connected successfully
info: socket io connected successfully
info: socket io connected successfully
info: Connected to Mongodb.
info: socket io connected successfully
info: socket io connected successfully
info: socket io connected successfully
info: Server is listening at 3000.
info: socket io connected successfully
info: socket io connected successfully
info: Connected to Mongodb.
info: socket io connected successfully
info: socket io connected successfully
info: socket io connected successfully
info: socket io connected successfully
info: socket io connected successfully
info: Server is listening at 3000.
info: socket io connected successfully
info: socket io connected successfully
info: Connected to Mongodb.
info: socket io connected successfully
info: socket io connected successfully
info: socket io connected successfully
info: socket io connected successfully
info: Server is listening at 3000.
info: socket io connected successfully
info: socket io connected successfully
info: socket io connected successfully
info: socket io connected successfully
info: socket io connected successfully
info: Connected to Mongodb.
info: socket io connected successfully
info: Server is listening at 3000.
info: socket io connected successfully
info: socket io connected successfully
info: Connected to Mongodb.
info: Server is listening at 3000.
info: socket io connected successfully
info: socket io connected successfully
info: Connected to Mongodb.
info: socket io connected successfully
info: Server is listening at 3000.
info: socket io connected successfully
info: socket io connected successfully
info: Connected to Mongodb.
info: Server is listening at 3000.
info: socket io connected successfully
info: socket io connected successfully
info: Connected to Mongodb.
info: socket io connected successfully
info: socket io connected successfully
info: socket io connected successfully
info: socket io connected successfully
info: socket io connected successfully
info: socket io connected successfully
info: socket io connected successfully
info: socket io connected successfully
info: socket io connected successfully
info: socket io connected successfully
info: socket io connected successfully
info: socket io connected successfully
info: socket io connected successfully
info: socket io connected successfully
info: socket io connected successfully
info: socket io connected successfully
info: socket io connected successfully
info: socket io connected successfully
info: socket io connected successfully
info: socket io connected successfully
info: socket io connected successfully
info: socket io connected successfully
info: socket io connected successfully
info: socket io connected successfully
info: socket io connected successfully
info: Server is listening at 3000.
info: socket io connected successfully
info: socket io connected successfully
info: Connected to Mongodb.
info: socket io connected successfully
info: socket io connected successfully
info: socket io connected successfully
info: socket io connected successfully
info: socket io connected successfully
info: socket io connected successfully
info: socket io connected successfully
info: socket io connected successfully
info: socket io connected successfully
info: socket io connected successfully
info: socket io connected successfully
info: socket io connected successfully
info: socket io connected successfully
info: socket io connected successfully
info: socket io connected successfully
info: socket io connected successfully
info: socket io connected successfully
info: socket io connected successfully
info: socket io connected successfully
info: socket io connected successfully
info: socket io connected successfully
info: Server is listening at 3000.
info: socket io connected successfully
info: socket io connected successfully
info: Connected to Mongodb.
info: socket io connected successfully
info: socket io connected successfully
info: socket io connected successfully
info: socket io connected successfully
info: socket io connected successfully
info: socket io connected successfully
info: socket io connected successfully
info: socket io connected successfully
info: socket io connected successfully
info: socket io connected successfully
info: socket io connected successfully
info: socket io connected successfully
info: socket io connected successfully
info: socket io connected successfully
info: socket io connected successfully
info: socket io connected successfully
info: socket io connected successfully
info: socket io connected successfully
info: socket io connected successfully
info: socket io connected successfully
info: socket io connected successfully
info: socket io connected successfully
info: socket io connected successfully
info: socket io connected successfully
info: socket io connected successfully
info: socket io connected successfully
info: socket io connected successfully
info: socket io connected successfully
info: socket io connected successfully
info: Server is listening at 3000.
info: socket io connected successfully
info: socket io connected successfully
info: socket io connected successfully
error: Mongodb connection error : Error: querySrv ETIMEOUT _mongodb._tcp.clusterchaobanh27.bzhdinz.mongodb.net
info: Server is listening at 3000.
info: Connected to Mongodb.
info: socket io connected successfully
info: socket io connected successfully
info: socket io connected successfully
info: socket io connected successfully
info: socket io connected successfully
info: socket io connected successfully
info: socket io connected successfully
info: socket io connected successfully
info: Server is listening at 3000.
info: Connected to Mongodb.
info: socket io connected successfully
info: socket io connected successfully
info: socket io connected successfully
info: socket io connected successfully
info: socket io connected successfully
info: socket io connected successfully
info: Server is listening at 3000.
info: socket io connected successfully
info: Connected to Mongodb.
info: socket io connected successfully
info: socket io connected successfully
info: socket io connected successfully
info: socket io connected successfully
info: socket io connected successfully
info: socket io connected successfully
info: socket io connected successfully
info: socket io connected successfully
info: socket io connected successfully
info: socket io connected successfully
info: socket io connected successfully
info: socket io connected successfully
info: socket io connected successfully
info: socket io connected successfully
info: socket io connected successfully
info: socket io connected successfully
info: socket io connected successfully
info: socket io connected successfully
info: Server is listening at 3000.
info: Connected to Mongodb.
info: socket io connected successfully
info: socket io connected successfully
info: socket io connected successfully
info: socket io connected successfully
info: socket io connected successfully
info: socket io connected successfully
info: socket io connected successfully
info: socket io connected successfully
info: Server is listening at 3000.
info: socket io connected successfully
info: Connected to Mongodb.
info: Server is listening at 3000.
info: socket io connected successfully
info: Connected to Mongodb.
info: Server is listening at 3000.
info: socket io connected successfully
info: Connected to Mongodb.
info: Server is listening at 3000.
info: socket io connected successfully
info: Connected to Mongodb.
info: Server is listening at 3000.
info: socket io connected successfully
info: Connected to Mongodb.
info: socket io connected successfully
info: Server is listening at 3000.
info: socket io connected successfully
info: Connected to Mongodb.
info: socket io connected successfully
info: Server is listening at 3000.
info: socket io connected successfully
info: Connected to Mongodb.
info: socket io connected successfully
info: socket io connected successfully
info: socket io connected successfully
info: socket io connected successfully
info: socket io connected successfully
info: socket io connected successfully
info: socket io connected successfully
info: socket io connected successfully
info: socket io connected successfully
info: socket io connected successfully
info: socket io connected successfully
info: socket io connected successfully
info: socket io connected successfully
info: socket io connected successfully
info: socket io connected successfully
info: socket io connected successfully
info: socket io connected successfully
info: socket io connected successfully
info: socket io connected successfully
info: socket io connected successfully
info: socket io connected successfully
info: socket io connected successfully
info: socket io connected successfully
info: socket io connected successfully
info: socket io connected successfully
info: Server is listening at 3000.
info: socket io connected successfully
info: Connected to Mongodb.
info: socket io connected successfully
info: socket io connected successfully
info: socket io connected successfully
info: socket io connected successfully
info: Server is listening at 3000.
info: Connected to Mongodb.
info: socket io connected successfully
info: socket io connected successfully
info: Server is listening at 3000.
info: Connected to Mongodb.
info: Server is listening at 3000.
info: Connected to Mongodb.
info: socket io connected successfully
info: socket io connected successfully
info: socket io connected successfully
info: socket io connected successfully
info: socket io connected successfully
info: socket io connected successfully
info: Server is listening at 3000.
info: socket io connected successfully
info: Connected to Mongodb.
info: socket io connected successfully
info: socket io connected successfully
info: socket io connected successfully
info: socket io connected successfully
info: socket io connected successfully
info: socket io connected successfully
info: socket io connected successfully
info: socket io connected successfully
info: socket io connected successfully
info: socket io connected successfully
info: socket io connected successfully
info: socket io connected successfully
info: Server is listening at 3000.
info: socket io connected successfully
info: socket io connected successfully
info: socket io connected successfully
info: socket io connected successfully
info: socket io connected successfully
info: socket io connected successfully
info: Connected to Mongodb.
info: socket io connected successfully
info: socket io connected successfully
info: socket io connected successfully
info: socket io connected successfully
info: socket io connected successfully
info: Server is listening at 3000.
info: socket io connected successfully
info: Connected to Mongodb.
info: socket io connected successfully
info: Server is listening at 3000.
info: socket io connected successfully
info: Connected to Mongodb.
info: socket io connected successfully
info: socket io connected successfully
info: socket io connected successfully
info: socket io connected successfully
info: socket io connected successfully
info: socket io connected successfully
info: socket io connected successfully
info: socket io connected successfully
info: socket io connected successfully
info: socket io connected successfully
info: socket io connected successfully
info: Server is listening at 3000.
info: socket io connected successfully
info: socket io connected successfully
info: Connected to Mongodb.
info: socket io connected successfully
info: socket io connected successfully
info: socket io connected successfully
info: socket io connected successfully
info: socket io connected successfully
info: socket io connected successfully
info: socket io connected successfully
info: socket io connected successfully
info: socket io connected successfully
info: socket io connected successfully
info: socket io connected successfully
info: socket io connected successfully
info: socket io connected successfully
info: Server is listening at 3000.
info: socket io connected successfully
info: Connected to Mongodb.
info: socket io connected successfully
info: Server is listening at 3000.
info: Connected to Mongodb.
info: socket io connected successfully
info: Server is listening at 3000.
info: socket io connected successfully
info: Connected to Mongodb.
info: Server is listening at 3000.
info: socket io connected successfully
info: Connected to Mongodb.
info: Server is listening at 3000.
info: socket io connected successfully
info: Connected to Mongodb.
info: Server is listening at 3000.
info: socket io connected successfully
info: Connected to Mongodb.
info: Server is listening at 3000.
info: socket io connected successfully
info: Connected to Mongodb.
info: socket io connected successfully
info: socket io connected successfully
info: socket io connected successfully
info: socket io connected successfully
info: socket io connected successfully
info: socket io connected successfully
info: socket io connected successfully
info: socket io connected successfully
info: socket io connected successfully
info: Server is listening at 3000.
info: socket io connected successfully
info: Connected to Mongodb.
info: Server is listening at 3000.
info: socket io connected successfully
info: Connected to Mongodb.
info: Server is listening at 3000.
info: socket io connected successfully
info: Connected to Mongodb.
info: socket io connected successfully
info: socket io connected successfully
info: socket io connected successfully
info: Server is listening at 3000.
info: socket io connected successfully
info: Connected to Mongodb.
info: socket io connected successfully
info: Server is listening at 3000.
info: socket io connected successfully
info: Connected to Mongodb.
info: socket io connected successfully
info: Server is listening at 3000.
info: socket io connected successfully
info: Connected to Mongodb.
info: Server is listening at 3000.
info: socket io connected successfully
info: Connected to Mongodb.
info: Server is listening at 3000.
info: socket io connected successfully
info: Connected to Mongodb.
info: Server is listening at 3000.
info: socket io connected successfully
info: Connected to Mongodb.
info: Server is listening at 3000.
info: socket io connected successfully
info: Connected to Mongodb.
info: Server is listening at 3000.
info: socket io connected successfully
info: Connected to Mongodb.
info: Server is listening at 3000.
info: socket io connected successfully
info: Connected to Mongodb.
info: Server is listening at 3000.
info: socket io connected successfully
info: Connected to Mongodb.
info: Server is listening at 3000.
info: Connected to Mongodb.
info: socket io connected successfully
info: socket io connected successfully
info: socket io connected successfully
info: socket io connected successfully
info: socket io connected successfully
info: socket io connected successfully
info: socket io connected successfully
info: Server is listening at 3000.
info: socket io connected successfully
info: socket io connected successfully
info: socket io connected successfully
info: socket io connected successfully
info: Connected to Mongodb.
info: socket io connected successfully
info: socket io connected successfully
info: socket io connected successfully
info: socket io connected successfully
info: socket io connected successfully
info: socket io connected successfully
info: Server is listening at 3000.
info: socket io connected successfully
info: Connected to Mongodb.
info: socket io connected successfully
info: socket io connected successfully
info: socket io connected successfully
info: socket io connected successfully
info: Server is listening at 3000.
info: socket io connected successfully
info: socket io connected successfully
info: Connected to Mongodb.
info: socket io connected successfully
info: socket io connected successfully
info: socket io connected successfully
info: socket io connected successfully
info: socket io connected successfully
info: socket io connected successfully
info: socket io connected successfully
info: Server is listening at 3000.
info: socket io connected successfully
info: socket io connected successfully
info: Connected to Mongodb.
error: JsonWebTokenError: jwt must be a string
    at Object.verify (E:\Code\Pet Projects\mern-chat-app\server\node_modules\jsonwebtoken\verify.js:64:17)
    at E:\Code\Pet Projects\mern-chat-app\server\src\utils\/token.js:26:9
    at new Promise (<anonymous>)
    at _callee2$ (E:\Code\Pet Projects\mern-chat-app\server\src\utils\/token.js:25:10)
    at tryCatch (E:\Code\Pet Projects\mern-chat-app\server\node_modules\@babel\runtime\helpers\regeneratorRuntime.js:44:17)
    at Generator.<anonymous> (E:\Code\Pet Projects\mern-chat-app\server\node_modules\@babel\runtime\helpers\regeneratorRuntime.js:128:22)
    at Generator.next (E:\Code\Pet Projects\mern-chat-app\server\node_modules\@babel\runtime\helpers\regeneratorRuntime.js:69:21)
    at asyncGeneratorStep (E:\Code\Pet Projects\mern-chat-app\server\node_modules\@babel\runtime\helpers\asyncToGenerator.js:3:24)
    at _next (E:\Code\Pet Projects\mern-chat-app\server\node_modules\@babel\runtime\helpers\asyncToGenerator.js:22:9)
    at E:\Code\Pet Projects\mern-chat-app\server\node_modules\@babel\runtime\helpers\asyncToGenerator.js:27:7
    at new Promise (<anonymous>)
    at apply (E:\Code\Pet Projects\mern-chat-app\server\node_modules\@babel\runtime\helpers\asyncToGenerator.js:19:12)
    at verify (E:\Code\Pet Projects\mern-chat-app\server\src\utils\/token.js:24:20)
    at _callee2$ (E:\Code\Pet Projects\mern-chat-app\server\src\services\/tokenService.js:9:27)
    at tryCatch (E:\Code\Pet Projects\mern-chat-app\server\node_modules\@babel\runtime\helpers\regeneratorRuntime.js:44:17)
    at Generator.<anonymous> (E:\Code\Pet Projects\mern-chat-app\server\node_modules\@babel\runtime\helpers\regeneratorRuntime.js:128:22)
    at Generator.next (E:\Code\Pet Projects\mern-chat-app\server\node_modules\@babel\runtime\helpers\regeneratorRuntime.js:69:21)
    at asyncGeneratorStep (E:\Code\Pet Projects\mern-chat-app\server\node_modules\@babel\runtime\helpers\asyncToGenerator.js:3:24)
    at _next (E:\Code\Pet Projects\mern-chat-app\server\node_modules\@babel\runtime\helpers\asyncToGenerator.js:22:9)
    at E:\Code\Pet Projects\mern-chat-app\server\node_modules\@babel\runtime\helpers\asyncToGenerator.js:27:7
    at new Promise (<anonymous>)
    at apply (E:\Code\Pet Projects\mern-chat-app\server\node_modules\@babel\runtime\helpers\asyncToGenerator.js:19:12)
    at verifyToken (E:\Code\Pet Projects\mern-chat-app\server\src\services\/tokenService.js:8:25)
    at _callee4$ (E:\Code\Pet Projects\mern-chat-app\server\src\controllers\/authController.js:107:36)
    at tryCatch (E:\Code\Pet Projects\mern-chat-app\server\node_modules\@babel\runtime\helpers\regeneratorRuntime.js:44:17)
    at Generator.<anonymous> (E:\Code\Pet Projects\mern-chat-app\server\node_modules\@babel\runtime\helpers\regeneratorRuntime.js:128:22)
    at Generator.next (E:\Code\Pet Projects\mern-chat-app\server\node_modules\@babel\runtime\helpers\regeneratorRuntime.js:69:21)
    at asyncGeneratorStep (E:\Code\Pet Projects\mern-chat-app\server\node_modules\@babel\runtime\helpers\asyncToGenerator.js:3:24)
    at _next (E:\Code\Pet Projects\mern-chat-app\server\node_modules\@babel\runtime\helpers\asyncToGenerator.js:22:9)
    at E:\Code\Pet Projects\mern-chat-app\server\node_modules\@babel\runtime\helpers\asyncToGenerator.js:27:7
    at new Promise (<anonymous>)
    at apply (E:\Code\Pet Projects\mern-chat-app\server\node_modules\@babel\runtime\helpers\asyncToGenerator.js:19:12)
    at refreshToken (E:\Code\Pet Projects\mern-chat-app\server\src\controllers\/authController.js:102:26)
    at Layer.handle [as handle_request] (E:\Code\Pet Projects\mern-chat-app\server\node_modules\express\lib\router\layer.js:95:5)
    at next (E:\Code\Pet Projects\mern-chat-app\server\node_modules\express\lib\router\route.js:144:13)
    at Route.dispatch (E:\Code\Pet Projects\mern-chat-app\server\node_modules\express\lib\router\route.js:114:3)
    at Layer.handle [as handle_request] (E:\Code\Pet Projects\mern-chat-app\server\node_modules\express\lib\router\layer.js:95:5)
    at E:\Code\Pet Projects\mern-chat-app\server\node_modules\express\lib\router\index.js:284:15
    at Function.process_params (E:\Code\Pet Projects\mern-chat-app\server\node_modules\express\lib\router\index.js:346:12)
    at next (E:\Code\Pet Projects\mern-chat-app\server\node_modules\express\lib\router\index.js:280:10)
    at Function.handle (E:\Code\Pet Projects\mern-chat-app\server\node_modules\express\lib\router\index.js:175:3)
    at router (E:\Code\Pet Projects\mern-chat-app\server\node_modules\express\lib\router\index.js:47:12)
    at Layer.handle [as handle_request] (E:\Code\Pet Projects\mern-chat-app\server\node_modules\express\lib\router\layer.js:95:5)
    at trim_prefix (E:\Code\Pet Projects\mern-chat-app\server\node_modules\express\lib\router\index.js:328:13)
    at E:\Code\Pet Projects\mern-chat-app\server\node_modules\express\lib\router\index.js:286:9
    at Function.process_params (E:\Code\Pet Projects\mern-chat-app\server\node_modules\express\lib\router\index.js:346:12)
    at next (E:\Code\Pet Projects\mern-chat-app\server\node_modules\express\lib\router\index.js:280:10)
    at Function.handle (E:\Code\Pet Projects\mern-chat-app\server\node_modules\express\lib\router\index.js:175:3)
    at router (E:\Code\Pet Projects\mern-chat-app\server\node_modules\express\lib\router\index.js:47:12)
    at Layer.handle [as handle_request] (E:\Code\Pet Projects\mern-chat-app\server\node_modules\express\lib\router\layer.js:95:5)
error: JsonWebTokenError: jwt must be a string
    at Object.verify (E:\Code\Pet Projects\mern-chat-app\server\node_modules\jsonwebtoken\verify.js:64:17)
    at E:\Code\Pet Projects\mern-chat-app\server\src\utils\/token.js:26:9
    at new Promise (<anonymous>)
    at _callee2$ (E:\Code\Pet Projects\mern-chat-app\server\src\utils\/token.js:25:10)
    at tryCatch (E:\Code\Pet Projects\mern-chat-app\server\node_modules\@babel\runtime\helpers\regeneratorRuntime.js:44:17)
    at Generator.<anonymous> (E:\Code\Pet Projects\mern-chat-app\server\node_modules\@babel\runtime\helpers\regeneratorRuntime.js:128:22)
    at Generator.next (E:\Code\Pet Projects\mern-chat-app\server\node_modules\@babel\runtime\helpers\regeneratorRuntime.js:69:21)
    at asyncGeneratorStep (E:\Code\Pet Projects\mern-chat-app\server\node_modules\@babel\runtime\helpers\asyncToGenerator.js:3:24)
    at _next (E:\Code\Pet Projects\mern-chat-app\server\node_modules\@babel\runtime\helpers\asyncToGenerator.js:22:9)
    at E:\Code\Pet Projects\mern-chat-app\server\node_modules\@babel\runtime\helpers\asyncToGenerator.js:27:7
    at new Promise (<anonymous>)
    at apply (E:\Code\Pet Projects\mern-chat-app\server\node_modules\@babel\runtime\helpers\asyncToGenerator.js:19:12)
    at verify (E:\Code\Pet Projects\mern-chat-app\server\src\utils\/token.js:24:20)
    at _callee2$ (E:\Code\Pet Projects\mern-chat-app\server\src\services\/tokenService.js:9:27)
    at tryCatch (E:\Code\Pet Projects\mern-chat-app\server\node_modules\@babel\runtime\helpers\regeneratorRuntime.js:44:17)
    at Generator.<anonymous> (E:\Code\Pet Projects\mern-chat-app\server\node_modules\@babel\runtime\helpers\regeneratorRuntime.js:128:22)
    at Generator.next (E:\Code\Pet Projects\mern-chat-app\server\node_modules\@babel\runtime\helpers\regeneratorRuntime.js:69:21)
    at asyncGeneratorStep (E:\Code\Pet Projects\mern-chat-app\server\node_modules\@babel\runtime\helpers\asyncToGenerator.js:3:24)
    at _next (E:\Code\Pet Projects\mern-chat-app\server\node_modules\@babel\runtime\helpers\asyncToGenerator.js:22:9)
    at E:\Code\Pet Projects\mern-chat-app\server\node_modules\@babel\runtime\helpers\asyncToGenerator.js:27:7
    at new Promise (<anonymous>)
    at apply (E:\Code\Pet Projects\mern-chat-app\server\node_modules\@babel\runtime\helpers\asyncToGenerator.js:19:12)
    at verifyToken (E:\Code\Pet Projects\mern-chat-app\server\src\services\/tokenService.js:8:25)
    at _callee4$ (E:\Code\Pet Projects\mern-chat-app\server\src\controllers\/authController.js:107:36)
    at tryCatch (E:\Code\Pet Projects\mern-chat-app\server\node_modules\@babel\runtime\helpers\regeneratorRuntime.js:44:17)
    at Generator.<anonymous> (E:\Code\Pet Projects\mern-chat-app\server\node_modules\@babel\runtime\helpers\regeneratorRuntime.js:128:22)
    at Generator.next (E:\Code\Pet Projects\mern-chat-app\server\node_modules\@babel\runtime\helpers\regeneratorRuntime.js:69:21)
    at asyncGeneratorStep (E:\Code\Pet Projects\mern-chat-app\server\node_modules\@babel\runtime\helpers\asyncToGenerator.js:3:24)
    at _next (E:\Code\Pet Projects\mern-chat-app\server\node_modules\@babel\runtime\helpers\asyncToGenerator.js:22:9)
    at E:\Code\Pet Projects\mern-chat-app\server\node_modules\@babel\runtime\helpers\asyncToGenerator.js:27:7
    at new Promise (<anonymous>)
    at apply (E:\Code\Pet Projects\mern-chat-app\server\node_modules\@babel\runtime\helpers\asyncToGenerator.js:19:12)
    at refreshToken (E:\Code\Pet Projects\mern-chat-app\server\src\controllers\/authController.js:102:26)
    at Layer.handle [as handle_request] (E:\Code\Pet Projects\mern-chat-app\server\node_modules\express\lib\router\layer.js:95:5)
    at next (E:\Code\Pet Projects\mern-chat-app\server\node_modules\express\lib\router\route.js:144:13)
    at Route.dispatch (E:\Code\Pet Projects\mern-chat-app\server\node_modules\express\lib\router\route.js:114:3)
    at Layer.handle [as handle_request] (E:\Code\Pet Projects\mern-chat-app\server\node_modules\express\lib\router\layer.js:95:5)
    at E:\Code\Pet Projects\mern-chat-app\server\node_modules\express\lib\router\index.js:284:15
    at Function.process_params (E:\Code\Pet Projects\mern-chat-app\server\node_modules\express\lib\router\index.js:346:12)
    at next (E:\Code\Pet Projects\mern-chat-app\server\node_modules\express\lib\router\index.js:280:10)
    at Function.handle (E:\Code\Pet Projects\mern-chat-app\server\node_modules\express\lib\router\index.js:175:3)
    at router (E:\Code\Pet Projects\mern-chat-app\server\node_modules\express\lib\router\index.js:47:12)
    at Layer.handle [as handle_request] (E:\Code\Pet Projects\mern-chat-app\server\node_modules\express\lib\router\layer.js:95:5)
    at trim_prefix (E:\Code\Pet Projects\mern-chat-app\server\node_modules\express\lib\router\index.js:328:13)
    at E:\Code\Pet Projects\mern-chat-app\server\node_modules\express\lib\router\index.js:286:9
    at Function.process_params (E:\Code\Pet Projects\mern-chat-app\server\node_modules\express\lib\router\index.js:346:12)
    at next (E:\Code\Pet Projects\mern-chat-app\server\node_modules\express\lib\router\index.js:280:10)
    at Function.handle (E:\Code\Pet Projects\mern-chat-app\server\node_modules\express\lib\router\index.js:175:3)
    at router (E:\Code\Pet Projects\mern-chat-app\server\node_modules\express\lib\router\index.js:47:12)
    at Layer.handle [as handle_request] (E:\Code\Pet Projects\mern-chat-app\server\node_modules\express\lib\router\layer.js:95:5)
error: JsonWebTokenError: jwt must be a string
    at Object.verify (E:\Code\Pet Projects\mern-chat-app\server\node_modules\jsonwebtoken\verify.js:64:17)
    at E:\Code\Pet Projects\mern-chat-app\server\src\utils\/token.js:26:9
    at new Promise (<anonymous>)
    at _callee2$ (E:\Code\Pet Projects\mern-chat-app\server\src\utils\/token.js:25:10)
    at tryCatch (E:\Code\Pet Projects\mern-chat-app\server\node_modules\@babel\runtime\helpers\regeneratorRuntime.js:44:17)
    at Generator.<anonymous> (E:\Code\Pet Projects\mern-chat-app\server\node_modules\@babel\runtime\helpers\regeneratorRuntime.js:128:22)
    at Generator.next (E:\Code\Pet Projects\mern-chat-app\server\node_modules\@babel\runtime\helpers\regeneratorRuntime.js:69:21)
    at asyncGeneratorStep (E:\Code\Pet Projects\mern-chat-app\server\node_modules\@babel\runtime\helpers\asyncToGenerator.js:3:24)
    at _next (E:\Code\Pet Projects\mern-chat-app\server\node_modules\@babel\runtime\helpers\asyncToGenerator.js:22:9)
    at E:\Code\Pet Projects\mern-chat-app\server\node_modules\@babel\runtime\helpers\asyncToGenerator.js:27:7
    at new Promise (<anonymous>)
    at apply (E:\Code\Pet Projects\mern-chat-app\server\node_modules\@babel\runtime\helpers\asyncToGenerator.js:19:12)
    at verify (E:\Code\Pet Projects\mern-chat-app\server\src\utils\/token.js:24:20)
    at _callee2$ (E:\Code\Pet Projects\mern-chat-app\server\src\services\/tokenService.js:9:27)
    at tryCatch (E:\Code\Pet Projects\mern-chat-app\server\node_modules\@babel\runtime\helpers\regeneratorRuntime.js:44:17)
    at Generator.<anonymous> (E:\Code\Pet Projects\mern-chat-app\server\node_modules\@babel\runtime\helpers\regeneratorRuntime.js:128:22)
    at Generator.next (E:\Code\Pet Projects\mern-chat-app\server\node_modules\@babel\runtime\helpers\regeneratorRuntime.js:69:21)
    at asyncGeneratorStep (E:\Code\Pet Projects\mern-chat-app\server\node_modules\@babel\runtime\helpers\asyncToGenerator.js:3:24)
    at _next (E:\Code\Pet Projects\mern-chat-app\server\node_modules\@babel\runtime\helpers\asyncToGenerator.js:22:9)
    at E:\Code\Pet Projects\mern-chat-app\server\node_modules\@babel\runtime\helpers\asyncToGenerator.js:27:7
    at new Promise (<anonymous>)
    at apply (E:\Code\Pet Projects\mern-chat-app\server\node_modules\@babel\runtime\helpers\asyncToGenerator.js:19:12)
    at verifyToken (E:\Code\Pet Projects\mern-chat-app\server\src\services\/tokenService.js:8:25)
    at _callee4$ (E:\Code\Pet Projects\mern-chat-app\server\src\controllers\/authController.js:107:36)
    at tryCatch (E:\Code\Pet Projects\mern-chat-app\server\node_modules\@babel\runtime\helpers\regeneratorRuntime.js:44:17)
    at Generator.<anonymous> (E:\Code\Pet Projects\mern-chat-app\server\node_modules\@babel\runtime\helpers\regeneratorRuntime.js:128:22)
    at Generator.next (E:\Code\Pet Projects\mern-chat-app\server\node_modules\@babel\runtime\helpers\regeneratorRuntime.js:69:21)
    at asyncGeneratorStep (E:\Code\Pet Projects\mern-chat-app\server\node_modules\@babel\runtime\helpers\asyncToGenerator.js:3:24)
    at _next (E:\Code\Pet Projects\mern-chat-app\server\node_modules\@babel\runtime\helpers\asyncToGenerator.js:22:9)
    at E:\Code\Pet Projects\mern-chat-app\server\node_modules\@babel\runtime\helpers\asyncToGenerator.js:27:7
    at new Promise (<anonymous>)
    at apply (E:\Code\Pet Projects\mern-chat-app\server\node_modules\@babel\runtime\helpers\asyncToGenerator.js:19:12)
    at refreshToken (E:\Code\Pet Projects\mern-chat-app\server\src\controllers\/authController.js:102:26)
    at Layer.handle [as handle_request] (E:\Code\Pet Projects\mern-chat-app\server\node_modules\express\lib\router\layer.js:95:5)
    at next (E:\Code\Pet Projects\mern-chat-app\server\node_modules\express\lib\router\route.js:144:13)
    at Route.dispatch (E:\Code\Pet Projects\mern-chat-app\server\node_modules\express\lib\router\route.js:114:3)
    at Layer.handle [as handle_request] (E:\Code\Pet Projects\mern-chat-app\server\node_modules\express\lib\router\layer.js:95:5)
    at E:\Code\Pet Projects\mern-chat-app\server\node_modules\express\lib\router\index.js:284:15
    at Function.process_params (E:\Code\Pet Projects\mern-chat-app\server\node_modules\express\lib\router\index.js:346:12)
    at next (E:\Code\Pet Projects\mern-chat-app\server\node_modules\express\lib\router\index.js:280:10)
    at Function.handle (E:\Code\Pet Projects\mern-chat-app\server\node_modules\express\lib\router\index.js:175:3)
    at router (E:\Code\Pet Projects\mern-chat-app\server\node_modules\express\lib\router\index.js:47:12)
    at Layer.handle [as handle_request] (E:\Code\Pet Projects\mern-chat-app\server\node_modules\express\lib\router\layer.js:95:5)
    at trim_prefix (E:\Code\Pet Projects\mern-chat-app\server\node_modules\express\lib\router\index.js:328:13)
    at E:\Code\Pet Projects\mern-chat-app\server\node_modules\express\lib\router\index.js:286:9
    at Function.process_params (E:\Code\Pet Projects\mern-chat-app\server\node_modules\express\lib\router\index.js:346:12)
    at next (E:\Code\Pet Projects\mern-chat-app\server\node_modules\express\lib\router\index.js:280:10)
    at Function.handle (E:\Code\Pet Projects\mern-chat-app\server\node_modules\express\lib\router\index.js:175:3)
    at router (E:\Code\Pet Projects\mern-chat-app\server\node_modules\express\lib\router\index.js:47:12)
    at Layer.handle [as handle_request] (E:\Code\Pet Projects\mern-chat-app\server\node_modules\express\lib\router\layer.js:95:5)
error: JsonWebTokenError: jwt must be a string
    at Object.verify (E:\Code\Pet Projects\mern-chat-app\server\node_modules\jsonwebtoken\verify.js:64:17)
    at E:\Code\Pet Projects\mern-chat-app\server\src\utils\/token.js:26:9
    at new Promise (<anonymous>)
    at _callee2$ (E:\Code\Pet Projects\mern-chat-app\server\src\utils\/token.js:25:10)
    at tryCatch (E:\Code\Pet Projects\mern-chat-app\server\node_modules\@babel\runtime\helpers\regeneratorRuntime.js:44:17)
    at Generator.<anonymous> (E:\Code\Pet Projects\mern-chat-app\server\node_modules\@babel\runtime\helpers\regeneratorRuntime.js:128:22)
    at Generator.next (E:\Code\Pet Projects\mern-chat-app\server\node_modules\@babel\runtime\helpers\regeneratorRuntime.js:69:21)
    at asyncGeneratorStep (E:\Code\Pet Projects\mern-chat-app\server\node_modules\@babel\runtime\helpers\asyncToGenerator.js:3:24)
    at _next (E:\Code\Pet Projects\mern-chat-app\server\node_modules\@babel\runtime\helpers\asyncToGenerator.js:22:9)
    at E:\Code\Pet Projects\mern-chat-app\server\node_modules\@babel\runtime\helpers\asyncToGenerator.js:27:7
    at new Promise (<anonymous>)
    at apply (E:\Code\Pet Projects\mern-chat-app\server\node_modules\@babel\runtime\helpers\asyncToGenerator.js:19:12)
    at verify (E:\Code\Pet Projects\mern-chat-app\server\src\utils\/token.js:24:20)
    at _callee2$ (E:\Code\Pet Projects\mern-chat-app\server\src\services\/tokenService.js:9:27)
    at tryCatch (E:\Code\Pet Projects\mern-chat-app\server\node_modules\@babel\runtime\helpers\regeneratorRuntime.js:44:17)
    at Generator.<anonymous> (E:\Code\Pet Projects\mern-chat-app\server\node_modules\@babel\runtime\helpers\regeneratorRuntime.js:128:22)
    at Generator.next (E:\Code\Pet Projects\mern-chat-app\server\node_modules\@babel\runtime\helpers\regeneratorRuntime.js:69:21)
    at asyncGeneratorStep (E:\Code\Pet Projects\mern-chat-app\server\node_modules\@babel\runtime\helpers\asyncToGenerator.js:3:24)
    at _next (E:\Code\Pet Projects\mern-chat-app\server\node_modules\@babel\runtime\helpers\asyncToGenerator.js:22:9)
    at E:\Code\Pet Projects\mern-chat-app\server\node_modules\@babel\runtime\helpers\asyncToGenerator.js:27:7
    at new Promise (<anonymous>)
    at apply (E:\Code\Pet Projects\mern-chat-app\server\node_modules\@babel\runtime\helpers\asyncToGenerator.js:19:12)
    at verifyToken (E:\Code\Pet Projects\mern-chat-app\server\src\services\/tokenService.js:8:25)
    at _callee4$ (E:\Code\Pet Projects\mern-chat-app\server\src\controllers\/authController.js:107:36)
    at tryCatch (E:\Code\Pet Projects\mern-chat-app\server\node_modules\@babel\runtime\helpers\regeneratorRuntime.js:44:17)
    at Generator.<anonymous> (E:\Code\Pet Projects\mern-chat-app\server\node_modules\@babel\runtime\helpers\regeneratorRuntime.js:128:22)
    at Generator.next (E:\Code\Pet Projects\mern-chat-app\server\node_modules\@babel\runtime\helpers\regeneratorRuntime.js:69:21)
    at asyncGeneratorStep (E:\Code\Pet Projects\mern-chat-app\server\node_modules\@babel\runtime\helpers\asyncToGenerator.js:3:24)
    at _next (E:\Code\Pet Projects\mern-chat-app\server\node_modules\@babel\runtime\helpers\asyncToGenerator.js:22:9)
    at E:\Code\Pet Projects\mern-chat-app\server\node_modules\@babel\runtime\helpers\asyncToGenerator.js:27:7
    at new Promise (<anonymous>)
    at apply (E:\Code\Pet Projects\mern-chat-app\server\node_modules\@babel\runtime\helpers\asyncToGenerator.js:19:12)
    at refreshToken (E:\Code\Pet Projects\mern-chat-app\server\src\controllers\/authController.js:102:26)
    at Layer.handle [as handle_request] (E:\Code\Pet Projects\mern-chat-app\server\node_modules\express\lib\router\layer.js:95:5)
    at next (E:\Code\Pet Projects\mern-chat-app\server\node_modules\express\lib\router\route.js:144:13)
    at Route.dispatch (E:\Code\Pet Projects\mern-chat-app\server\node_modules\express\lib\router\route.js:114:3)
    at Layer.handle [as handle_request] (E:\Code\Pet Projects\mern-chat-app\server\node_modules\express\lib\router\layer.js:95:5)
    at E:\Code\Pet Projects\mern-chat-app\server\node_modules\express\lib\router\index.js:284:15
    at Function.process_params (E:\Code\Pet Projects\mern-chat-app\server\node_modules\express\lib\router\index.js:346:12)
    at next (E:\Code\Pet Projects\mern-chat-app\server\node_modules\express\lib\router\index.js:280:10)
    at Function.handle (E:\Code\Pet Projects\mern-chat-app\server\node_modules\express\lib\router\index.js:175:3)
    at router (E:\Code\Pet Projects\mern-chat-app\server\node_modules\express\lib\router\index.js:47:12)
    at Layer.handle [as handle_request] (E:\Code\Pet Projects\mern-chat-app\server\node_modules\express\lib\router\layer.js:95:5)
    at trim_prefix (E:\Code\Pet Projects\mern-chat-app\server\node_modules\express\lib\router\index.js:328:13)
    at E:\Code\Pet Projects\mern-chat-app\server\node_modules\express\lib\router\index.js:286:9
    at Function.process_params (E:\Code\Pet Projects\mern-chat-app\server\node_modules\express\lib\router\index.js:346:12)
    at next (E:\Code\Pet Projects\mern-chat-app\server\node_modules\express\lib\router\index.js:280:10)
    at Function.handle (E:\Code\Pet Projects\mern-chat-app\server\node_modules\express\lib\router\index.js:175:3)
    at router (E:\Code\Pet Projects\mern-chat-app\server\node_modules\express\lib\router\index.js:47:12)
    at Layer.handle [as handle_request] (E:\Code\Pet Projects\mern-chat-app\server\node_modules\express\lib\router\layer.js:95:5)
error: JsonWebTokenError: jwt must be a string
    at Object.verify (E:\Code\Pet Projects\mern-chat-app\server\node_modules\jsonwebtoken\verify.js:64:17)
    at E:\Code\Pet Projects\mern-chat-app\server\src\utils\/token.js:26:9
    at new Promise (<anonymous>)
    at _callee2$ (E:\Code\Pet Projects\mern-chat-app\server\src\utils\/token.js:25:10)
    at tryCatch (E:\Code\Pet Projects\mern-chat-app\server\node_modules\@babel\runtime\helpers\regeneratorRuntime.js:44:17)
    at Generator.<anonymous> (E:\Code\Pet Projects\mern-chat-app\server\node_modules\@babel\runtime\helpers\regeneratorRuntime.js:128:22)
    at Generator.next (E:\Code\Pet Projects\mern-chat-app\server\node_modules\@babel\runtime\helpers\regeneratorRuntime.js:69:21)
    at asyncGeneratorStep (E:\Code\Pet Projects\mern-chat-app\server\node_modules\@babel\runtime\helpers\asyncToGenerator.js:3:24)
    at _next (E:\Code\Pet Projects\mern-chat-app\server\node_modules\@babel\runtime\helpers\asyncToGenerator.js:22:9)
    at E:\Code\Pet Projects\mern-chat-app\server\node_modules\@babel\runtime\helpers\asyncToGenerator.js:27:7
    at new Promise (<anonymous>)
    at apply (E:\Code\Pet Projects\mern-chat-app\server\node_modules\@babel\runtime\helpers\asyncToGenerator.js:19:12)
    at verify (E:\Code\Pet Projects\mern-chat-app\server\src\utils\/token.js:24:20)
    at _callee2$ (E:\Code\Pet Projects\mern-chat-app\server\src\services\/tokenService.js:9:27)
    at tryCatch (E:\Code\Pet Projects\mern-chat-app\server\node_modules\@babel\runtime\helpers\regeneratorRuntime.js:44:17)
    at Generator.<anonymous> (E:\Code\Pet Projects\mern-chat-app\server\node_modules\@babel\runtime\helpers\regeneratorRuntime.js:128:22)
    at Generator.next (E:\Code\Pet Projects\mern-chat-app\server\node_modules\@babel\runtime\helpers\regeneratorRuntime.js:69:21)
    at asyncGeneratorStep (E:\Code\Pet Projects\mern-chat-app\server\node_modules\@babel\runtime\helpers\asyncToGenerator.js:3:24)
    at _next (E:\Code\Pet Projects\mern-chat-app\server\node_modules\@babel\runtime\helpers\asyncToGenerator.js:22:9)
    at E:\Code\Pet Projects\mern-chat-app\server\node_modules\@babel\runtime\helpers\asyncToGenerator.js:27:7
    at new Promise (<anonymous>)
    at apply (E:\Code\Pet Projects\mern-chat-app\server\node_modules\@babel\runtime\helpers\asyncToGenerator.js:19:12)
    at verifyToken (E:\Code\Pet Projects\mern-chat-app\server\src\services\/tokenService.js:8:25)
    at _callee4$ (E:\Code\Pet Projects\mern-chat-app\server\src\controllers\/authController.js:107:36)
    at tryCatch (E:\Code\Pet Projects\mern-chat-app\server\node_modules\@babel\runtime\helpers\regeneratorRuntime.js:44:17)
    at Generator.<anonymous> (E:\Code\Pet Projects\mern-chat-app\server\node_modules\@babel\runtime\helpers\regeneratorRuntime.js:128:22)
    at Generator.next (E:\Code\Pet Projects\mern-chat-app\server\node_modules\@babel\runtime\helpers\regeneratorRuntime.js:69:21)
    at asyncGeneratorStep (E:\Code\Pet Projects\mern-chat-app\server\node_modules\@babel\runtime\helpers\asyncToGenerator.js:3:24)
    at _next (E:\Code\Pet Projects\mern-chat-app\server\node_modules\@babel\runtime\helpers\asyncToGenerator.js:22:9)
    at E:\Code\Pet Projects\mern-chat-app\server\node_modules\@babel\runtime\helpers\asyncToGenerator.js:27:7
    at new Promise (<anonymous>)
    at apply (E:\Code\Pet Projects\mern-chat-app\server\node_modules\@babel\runtime\helpers\asyncToGenerator.js:19:12)
    at refreshToken (E:\Code\Pet Projects\mern-chat-app\server\src\controllers\/authController.js:102:26)
    at Layer.handle [as handle_request] (E:\Code\Pet Projects\mern-chat-app\server\node_modules\express\lib\router\layer.js:95:5)
    at next (E:\Code\Pet Projects\mern-chat-app\server\node_modules\express\lib\router\route.js:144:13)
    at Route.dispatch (E:\Code\Pet Projects\mern-chat-app\server\node_modules\express\lib\router\route.js:114:3)
    at Layer.handle [as handle_request] (E:\Code\Pet Projects\mern-chat-app\server\node_modules\express\lib\router\layer.js:95:5)
    at E:\Code\Pet Projects\mern-chat-app\server\node_modules\express\lib\router\index.js:284:15
    at Function.process_params (E:\Code\Pet Projects\mern-chat-app\server\node_modules\express\lib\router\index.js:346:12)
    at next (E:\Code\Pet Projects\mern-chat-app\server\node_modules\express\lib\router\index.js:280:10)
    at Function.handle (E:\Code\Pet Projects\mern-chat-app\server\node_modules\express\lib\router\index.js:175:3)
    at router (E:\Code\Pet Projects\mern-chat-app\server\node_modules\express\lib\router\index.js:47:12)
    at Layer.handle [as handle_request] (E:\Code\Pet Projects\mern-chat-app\server\node_modules\express\lib\router\layer.js:95:5)
    at trim_prefix (E:\Code\Pet Projects\mern-chat-app\server\node_modules\express\lib\router\index.js:328:13)
    at E:\Code\Pet Projects\mern-chat-app\server\node_modules\express\lib\router\index.js:286:9
    at Function.process_params (E:\Code\Pet Projects\mern-chat-app\server\node_modules\express\lib\router\index.js:346:12)
    at next (E:\Code\Pet Projects\mern-chat-app\server\node_modules\express\lib\router\index.js:280:10)
    at Function.handle (E:\Code\Pet Projects\mern-chat-app\server\node_modules\express\lib\router\index.js:175:3)
    at router (E:\Code\Pet Projects\mern-chat-app\server\node_modules\express\lib\router\index.js:47:12)
    at Layer.handle [as handle_request] (E:\Code\Pet Projects\mern-chat-app\server\node_modules\express\lib\router\layer.js:95:5)
error: JsonWebTokenError: jwt must be a string
    at Object.verify (E:\Code\Pet Projects\mern-chat-app\server\node_modules\jsonwebtoken\verify.js:64:17)
    at E:\Code\Pet Projects\mern-chat-app\server\src\utils\/token.js:26:9
    at new Promise (<anonymous>)
    at _callee2$ (E:\Code\Pet Projects\mern-chat-app\server\src\utils\/token.js:25:10)
    at tryCatch (E:\Code\Pet Projects\mern-chat-app\server\node_modules\@babel\runtime\helpers\regeneratorRuntime.js:44:17)
    at Generator.<anonymous> (E:\Code\Pet Projects\mern-chat-app\server\node_modules\@babel\runtime\helpers\regeneratorRuntime.js:128:22)
    at Generator.next (E:\Code\Pet Projects\mern-chat-app\server\node_modules\@babel\runtime\helpers\regeneratorRuntime.js:69:21)
    at asyncGeneratorStep (E:\Code\Pet Projects\mern-chat-app\server\node_modules\@babel\runtime\helpers\asyncToGenerator.js:3:24)
    at _next (E:\Code\Pet Projects\mern-chat-app\server\node_modules\@babel\runtime\helpers\asyncToGenerator.js:22:9)
    at E:\Code\Pet Projects\mern-chat-app\server\node_modules\@babel\runtime\helpers\asyncToGenerator.js:27:7
    at new Promise (<anonymous>)
    at apply (E:\Code\Pet Projects\mern-chat-app\server\node_modules\@babel\runtime\helpers\asyncToGenerator.js:19:12)
    at verify (E:\Code\Pet Projects\mern-chat-app\server\src\utils\/token.js:24:20)
    at _callee2$ (E:\Code\Pet Projects\mern-chat-app\server\src\services\/tokenService.js:9:27)
    at tryCatch (E:\Code\Pet Projects\mern-chat-app\server\node_modules\@babel\runtime\helpers\regeneratorRuntime.js:44:17)
    at Generator.<anonymous> (E:\Code\Pet Projects\mern-chat-app\server\node_modules\@babel\runtime\helpers\regeneratorRuntime.js:128:22)
    at Generator.next (E:\Code\Pet Projects\mern-chat-app\server\node_modules\@babel\runtime\helpers\regeneratorRuntime.js:69:21)
    at asyncGeneratorStep (E:\Code\Pet Projects\mern-chat-app\server\node_modules\@babel\runtime\helpers\asyncToGenerator.js:3:24)
    at _next (E:\Code\Pet Projects\mern-chat-app\server\node_modules\@babel\runtime\helpers\asyncToGenerator.js:22:9)
    at E:\Code\Pet Projects\mern-chat-app\server\node_modules\@babel\runtime\helpers\asyncToGenerator.js:27:7
    at new Promise (<anonymous>)
    at apply (E:\Code\Pet Projects\mern-chat-app\server\node_modules\@babel\runtime\helpers\asyncToGenerator.js:19:12)
    at verifyToken (E:\Code\Pet Projects\mern-chat-app\server\src\services\/tokenService.js:8:25)
    at _callee4$ (E:\Code\Pet Projects\mern-chat-app\server\src\controllers\/authController.js:107:36)
    at tryCatch (E:\Code\Pet Projects\mern-chat-app\server\node_modules\@babel\runtime\helpers\regeneratorRuntime.js:44:17)
    at Generator.<anonymous> (E:\Code\Pet Projects\mern-chat-app\server\node_modules\@babel\runtime\helpers\regeneratorRuntime.js:128:22)
    at Generator.next (E:\Code\Pet Projects\mern-chat-app\server\node_modules\@babel\runtime\helpers\regeneratorRuntime.js:69:21)
    at asyncGeneratorStep (E:\Code\Pet Projects\mern-chat-app\server\node_modules\@babel\runtime\helpers\asyncToGenerator.js:3:24)
    at _next (E:\Code\Pet Projects\mern-chat-app\server\node_modules\@babel\runtime\helpers\asyncToGenerator.js:22:9)
    at E:\Code\Pet Projects\mern-chat-app\server\node_modules\@babel\runtime\helpers\asyncToGenerator.js:27:7
    at new Promise (<anonymous>)
    at apply (E:\Code\Pet Projects\mern-chat-app\server\node_modules\@babel\runtime\helpers\asyncToGenerator.js:19:12)
    at refreshToken (E:\Code\Pet Projects\mern-chat-app\server\src\controllers\/authController.js:102:26)
    at Layer.handle [as handle_request] (E:\Code\Pet Projects\mern-chat-app\server\node_modules\express\lib\router\layer.js:95:5)
    at next (E:\Code\Pet Projects\mern-chat-app\server\node_modules\express\lib\router\route.js:144:13)
    at Route.dispatch (E:\Code\Pet Projects\mern-chat-app\server\node_modules\express\lib\router\route.js:114:3)
    at Layer.handle [as handle_request] (E:\Code\Pet Projects\mern-chat-app\server\node_modules\express\lib\router\layer.js:95:5)
    at E:\Code\Pet Projects\mern-chat-app\server\node_modules\express\lib\router\index.js:284:15
    at Function.process_params (E:\Code\Pet Projects\mern-chat-app\server\node_modules\express\lib\router\index.js:346:12)
    at next (E:\Code\Pet Projects\mern-chat-app\server\node_modules\express\lib\router\index.js:280:10)
    at Function.handle (E:\Code\Pet Projects\mern-chat-app\server\node_modules\express\lib\router\index.js:175:3)
    at router (E:\Code\Pet Projects\mern-chat-app\server\node_modules\express\lib\router\index.js:47:12)
    at Layer.handle [as handle_request] (E:\Code\Pet Projects\mern-chat-app\server\node_modules\express\lib\router\layer.js:95:5)
    at trim_prefix (E:\Code\Pet Projects\mern-chat-app\server\node_modules\express\lib\router\index.js:328:13)
    at E:\Code\Pet Projects\mern-chat-app\server\node_modules\express\lib\router\index.js:286:9
    at Function.process_params (E:\Code\Pet Projects\mern-chat-app\server\node_modules\express\lib\router\index.js:346:12)
    at next (E:\Code\Pet Projects\mern-chat-app\server\node_modules\express\lib\router\index.js:280:10)
    at Function.handle (E:\Code\Pet Projects\mern-chat-app\server\node_modules\express\lib\router\index.js:175:3)
    at router (E:\Code\Pet Projects\mern-chat-app\server\node_modules\express\lib\router\index.js:47:12)
    at Layer.handle [as handle_request] (E:\Code\Pet Projects\mern-chat-app\server\node_modules\express\lib\router\layer.js:95:5)
info: Server is listening at 3000.
info: socket io connected successfully
info: Connected to Mongodb.
info: socket io connected successfully
info: socket io connected successfully
info: Server is listening at 3000.
info: socket io connected successfully
info: Connected to Mongodb.
info: socket io connected successfully
info: socket io connected successfully
info: socket io connected successfully
info: socket io connected successfully
info: socket io connected successfully
info: socket io connected successfully
info: socket io connected successfully
info: Server is listening at 3000.
info: socket io connected successfully
info: socket io connected successfully
info: Connected to Mongodb.
info: socket io connected successfully
info: socket io connected successfully
info: socket io connected successfully
info: socket io connected successfully
info: socket io connected successfully
info: Server is listening at 3000.
info: socket io connected successfully
info: Connected to Mongodb.
info: socket io connected successfully
info: socket io connected successfully
info: socket io connected successfully
info: socket io connected successfully
info: socket io connected successfully
info: socket io connected successfully
info: socket io connected successfully
info: Server is listening at 3000.
info: socket io connected successfully
info: socket io connected successfully
info: Connected to Mongodb.
info: socket io connected successfully
info: socket io connected successfully
info: socket io connected successfully
info: socket io connected successfully
info: socket io connected successfully
info: socket io connected successfully
info: socket io connected successfully
info: Server is listening at 3000.
info: socket io connected successfully
info: socket io connected successfully
info: socket io connected successfully
info: socket io connected successfully
info: socket io connected successfully
info: socket io connected successfully
info: socket io connected successfully
info: Connected to Mongodb.
info: Server is listening at 3000.
info: socket io connected successfully
info: socket io connected successfully
info: socket io connected successfully
info: socket io connected successfully
info: socket io connected successfully
info: socket io connected successfully
info: Connected to Mongodb.
info: socket io connected successfully
info: socket io connected successfully
info: socket io connected successfully
info: socket io connected successfully
info: socket io connected successfully
info: socket io connected successfully
info: socket io connected successfully
info: Server is listening at 3000.
info: socket io connected successfully
info: socket io connected successfully
info: socket io connected successfully
info: socket io connected successfully
info: socket io connected successfully
info: socket io connected successfully
info: socket io connected successfully
info: Connected to Mongodb.
info: socket io connected successfully
info: socket io connected successfully
info: socket io connected successfully
info: socket io connected successfully
info: socket io connected successfully
info: socket io connected successfully
info: socket io connected successfully
info: Server is listening at 3000.
info: socket io connected successfully
info: socket io connected successfully
info: socket io connected successfully
info: socket io connected successfully
info: Connected to Mongodb.
info: socket io connected successfully
info: socket io connected successfully
info: Server is listening at 3000.
info: socket io connected successfully
info: socket io connected successfully
info: socket io connected successfully
info: socket io connected successfully
info: socket io connected successfully
info: Connected to Mongodb.
info: socket io connected successfully
info: Server is listening at 3000.
info: socket io connected successfully
info: Connected to Mongodb.
info: socket io connected successfully
info: Server is listening at 3000.
info: socket io connected successfully
info: socket io connected successfully
info: Connected to Mongodb.
info: socket io connected successfully
info: socket io connected successfully
info: Server is listening at 3000.
info: socket io connected successfully
info: socket io connected successfully
info: socket io connected successfully
info: socket io connected successfully
info: Connected to Mongodb.
info: socket io connected successfully
info: socket io connected successfully
info: socket io connected successfully
info: socket io connected successfully
info: socket io connected successfully
info: Server is listening at 3000.
info: socket io connected successfully
info: Connected to Mongodb.
info: Server is listening at 3000.
info: socket io connected successfully
info: Connected to Mongodb.
info: Server is listening at 3000.
info: socket io connected successfully
info: Connected to Mongodb.
info: Server is listening at 3000.
info: socket io connected successfully
info: Connected to Mongodb.
info: socket io connected successfully
info: socket io connected successfully
info: socket io connected successfully
info: socket io connected successfully
info: socket io connected successfully
info: Server is listening at 3000.
info: socket io connected successfully
info: Connected to Mongodb.
info: Server is listening at 3000.
info: socket io connected successfully
info: Connected to Mongodb.
info: Server is listening at 3000.
info: socket io connected successfully
info: Connected to Mongodb.
info: socket io connected successfully
info: socket io connected successfully
info: Server is listening at 3000.
info: socket io connected successfully
info: socket io connected successfully
info: socket io connected successfully
info: Connected to Mongodb.
info: socket io connected successfully
info: socket io connected successfully
info: socket io connected successfully
info: Server is listening at 3000.
info: socket io connected successfully
info: Connected to Mongodb.
info: socket io connected successfully
info: Server is listening at 3000.
info: socket io connected successfully
info: socket io connected successfully
info: Connected to Mongodb.
info: socket io connected successfully
info: socket io connected successfully
info: socket io connected successfully
info: socket io connected successfully
info: socket io connected successfully
info: socket io connected successfully
info: Server is listening at 3000.
info: socket io connected successfully
info: socket io connected successfully
info: socket io connected successfully
info: Connected to Mongodb.
info: socket io connected successfully
info: socket io connected successfully
info: socket io connected successfully
info: socket io connected successfully
info: socket io connected successfully
info: socket io connected successfully
info: socket io connected successfully
info: socket io connected successfully
info: Server is listening at 3000.
info: socket io connected successfully
info: socket io connected successfully
info: socket io connected successfully
info: socket io connected successfully
info: socket io connected successfully
info: socket io connected successfully
info: Connected to Mongodb.
info: socket io connected successfully
info: socket io connected successfully
info: socket io connected successfully
info: socket io connected successfully
info: socket io connected successfully
info: Server is listening at 3000.
info: socket io connected successfully
info: socket io connected successfully
info: Connected to Mongodb.
info: Server is listening at 3000.
info: socket io connected successfully
info: socket io connected successfully
info: Connected to Mongodb.
info: socket io connected successfully
info: Server is listening at 3000.
info: socket io connected successfully
info: Connected to Mongodb.
info: socket io connected successfully
info: Server is listening at 3000.
info: socket io connected successfully
info: Connected to Mongodb.
info: Server is listening at 3000.
info: socket io connected successfully
info: Connected to Mongodb.
info: socket io connected successfully
info: Server is listening at 3000.
info: socket io connected successfully
info: Connected to Mongodb.
info: socket io connected successfully
info: Server is listening at 3000.
info: Connected to Mongodb.
info: socket io connected successfully
info: socket io connected successfully
info: Server is listening at 3000.
info: socket io connected successfully
info: Connected to Mongodb.
info: socket io connected successfully
info: Server is listening at 3000.
info: socket io connected successfully
info: Connected to Mongodb.
info: socket io connected successfully
info: Server is listening at 3000.
info: socket io connected successfully
info: Connected to Mongodb.
info: socket io connected successfully
info: Server is listening at 3000.
info: socket io connected successfully
info: Connected to Mongodb.
info: socket io connected successfully
info: Server is listening at 3000.
info: socket io connected successfully
info: Connected to Mongodb.
info: socket io connected successfully
info: Server is listening at 3000.
info: socket io connected successfully
info: Connected to Mongodb.
info: Server is listening at 3000.
info: socket io connected successfully
info: Connected to Mongodb.
info: socket io connected successfully
info: Server is listening at 3000.
info: socket io connected successfully
info: Connected to Mongodb.
info: socket io connected successfully
info: Server is listening at 3000.
info: socket io connected successfully
info: Connected to Mongodb.
info: socket io connected successfully
info: Server is listening at 3000.
info: socket io connected successfully
info: Connected to Mongodb.
info: Server is listening at 3000.
info: socket io connected successfully
info: Connected to Mongodb.
info: socket io connected successfully
info: Server is listening at 3000.
info: socket io connected successfully
info: Connected to Mongodb.
info: Server is listening at 3000.
info: socket io connected successfully
info: Connected to Mongodb.
info: Server is listening at 3000.
info: socket io connected successfully
info: Connected to Mongodb.
info: socket io connected successfully
info: Server is listening at 3000.
info: socket io connected successfully
info: socket io connected successfully
info: Connected to Mongodb.
info: socket io connected successfully
info: socket io connected successfully
info: Server is listening at 3000.
info: socket io connected successfully
info: socket io connected successfully
info: socket io connected successfully
info: socket io connected successfully
info: Connected to Mongodb.
info: Server is listening at 3000.
info: socket io connected successfully
info: socket io connected successfully
info: socket io connected successfully
info: socket io connected successfully
info: Connected to Mongodb.
info: socket io connected successfully
info: Server is listening at 3000.
info: socket io connected successfully
info: Connected to Mongodb.
info: socket io connected successfully
info: Server is listening at 3000.
info: socket io connected successfully
info: Connected to Mongodb.
info: socket io connected successfully
info: socket io connected successfully
info: socket io connected successfully
info: Server is listening at 3000.
info: socket io connected successfully
info: socket io connected successfully
info: socket io connected successfully
info: socket io connected successfully
info: Connected to Mongodb.
info: Server is listening at 3000.
info: socket io connected successfully
info: socket io connected successfully
info: socket io connected successfully
info: socket io connected successfully
info: Connected to Mongodb.
info: socket io connected successfully
info: Server is listening at 3000.
info: socket io connected successfully
info: Connected to Mongodb.
info: Server is listening at 3000.
info: socket io connected successfully
info: Connected to Mongodb.
info: Server is listening at 3000.
info: socket io connected successfully
info: Connected to Mongodb.
info: Server is listening at 3000.
info: socket io connected successfully
info: Connected to Mongodb.
info: Server is listening at 3000.
info: socket io connected successfully
info: Connected to Mongodb.
info: Server is listening at 3000.
info: socket io connected successfully
info: Connected to Mongodb.
info: socket io connected successfully
info: socket io connected successfully
info: Server is listening at 3000.
info: socket io connected successfully
info: socket io connected successfully
info: Connected to Mongodb.
info: socket io connected successfully
info: socket io connected successfully
info: socket io connected successfully
info: socket io connected successfully
info: socket io connected successfully
info: socket io connected successfully
info: socket io connected successfully
info: socket io connected successfully
info: socket io connected successfully
info: socket io connected successfully
info: socket io connected successfully
info: socket io connected successfully
info: socket io connected successfully
info: socket io connected successfully
info: socket io connected successfully
info: socket io connected successfully
info: socket io connected successfully
info: socket io connected successfully
info: socket io connected successfully
info: socket io connected successfully
info: socket io connected successfully
info: socket io connected successfully
info: socket io connected successfully
info: socket io connected successfully
info: socket io connected successfully
info: socket io connected successfully
info: socket io connected successfully
info: Server is listening at 3000.
info: socket io connected successfully
info: Connected to Mongodb.
info: socket io connected successfully
info: socket io connected successfully
info: socket io connected successfully
info: socket io connected successfully
info: socket io connected successfully
info: socket io connected successfully
info: Server is listening at 3000.
info: socket io connected successfully
info: socket io connected successfully
info: Connected to Mongodb.
info: socket io connected successfully
info: socket io connected successfully
info: socket io connected successfully
info: socket io connected successfully
info: socket io connected successfully
info: Server is listening at 3000.
info: socket io connected successfully
info: Connected to Mongodb.
info: Server is listening at 3000.
info: socket io connected successfully
info: Connected to Mongodb.
info: Server is listening at 3000.
info: socket io connected successfully
info: Connected to Mongodb.
info: socket io connected successfully
info: socket io connected successfully
info: socket io connected successfully
info: socket io connected successfully
info: Server is listening at 3000.
info: socket io connected successfully
info: Connected to Mongodb.
info: Server is listening at 3000.
info: socket io connected successfully
info: Connected to Mongodb.
info: Server is listening at 3000.
info: socket io connected successfully
info: Connected to Mongodb.
info: Server is listening at 3000.
info: socket io connected successfully
info: Connected to Mongodb.
info: Server is listening at 3000.
info: socket io connected successfully
info: Connected to Mongodb.
info: Server is listening at 3000.
info: socket io connected successfully
info: Connected to Mongodb.
info: Server is listening at 3000.
info: socket io connected successfully
info: Connected to Mongodb.
info: Server is listening at 3000.
info: socket io connected successfully
info: Connected to Mongodb.
info: Server is listening at 3000.
info: socket io connected successfully
info: Connected to Mongodb.
info: Server is listening at 3000.
info: socket io connected successfully
info: Connected to Mongodb.
info: Server is listening at 3000.
info: socket io connected successfully
info: Connected to Mongodb.
info: socket io connected successfully
error: TypeError: Cannot read properties of null (reading 'conversation')
    at Socket.<anonymous> (E:\Code\Pet Projects\mern-chat-app\server\src\sockets\/SocketServer.js:32:32)
    at Socket.emit (node:events:514:28)
    at Socket.emit (node:domain:489:12)
    at Socket.emitUntyped (E:\Code\Pet Projects\mern-chat-app\server\node_modules\socket.io\dist\typed-events.js:69:22)
    at E:\Code\Pet Projects\mern-chat-app\server\node_modules\socket.io\dist\socket.js:704:39
    at processTicksAndRejections (node:internal/process/task_queues:77:11)
info: Server is listening at 3000.
info: socket io connected successfully
info: Connected to Mongodb.
info: socket io connected successfully
info: socket io connected successfully
info: socket io connected successfully
info: socket io connected successfully
info: socket io connected successfully
error: TypeError: Cannot read properties of null (reading 'conversation')
    at Socket.<anonymous> (E:\Code\Pet Projects\mern-chat-app\server\src\sockets\/SocketServer.js:32:32)
    at Socket.emit (node:events:514:28)
    at Socket.emit (node:domain:489:12)
    at Socket.emitUntyped (E:\Code\Pet Projects\mern-chat-app\server\node_modules\socket.io\dist\typed-events.js:69:22)
    at E:\Code\Pet Projects\mern-chat-app\server\node_modules\socket.io\dist\socket.js:704:39
    at processTicksAndRejections (node:internal/process/task_queues:77:11)
info: Server is listening at 3000.
info: Connected to Mongodb.
info: socket io connected successfully
info: socket io connected successfully
error: TypeError: Cannot read properties of null (reading 'conversation')
    at Socket.<anonymous> (E:\Code\Pet Projects\mern-chat-app\server\src\sockets\/SocketServer.js:32:32)
    at Socket.emit (node:events:514:28)
    at Socket.emit (node:domain:489:12)
    at Socket.emitUntyped (E:\Code\Pet Projects\mern-chat-app\server\node_modules\socket.io\dist\typed-events.js:69:22)
    at E:\Code\Pet Projects\mern-chat-app\server\node_modules\socket.io\dist\socket.js:704:39
    at processTicksAndRejections (node:internal/process/task_queues:77:11)
info: Server is listening at 3000.
info: socket io connected successfully
info: Connected to Mongodb.
info: Server is listening at 3000.
info: socket io connected successfully
error: TypeError: Cannot read properties of null (reading 'conversation')
    at Socket.<anonymous> (E:\Code\Pet Projects\mern-chat-app\server\src\sockets\/SocketServer.js:32:32)
    at Socket.emit (node:events:514:28)
    at Socket.emit (node:domain:489:12)
    at Socket.emitUntyped (E:\Code\Pet Projects\mern-chat-app\server\node_modules\socket.io\dist\typed-events.js:69:22)
    at E:\Code\Pet Projects\mern-chat-app\server\node_modules\socket.io\dist\socket.js:704:39
    at processTicksAndRejections (node:internal/process/task_queues:77:11)
info: Server is listening at 3000.
info: socket io connected successfully
info: Connected to Mongodb.
error: TypeError: Cannot read properties of null (reading 'conversation')
    at Socket.<anonymous> (E:\Code\Pet Projects\mern-chat-app\server\src\sockets\/SocketServer.js:32:32)
    at Socket.emit (node:events:514:28)
    at Socket.emit (node:domain:489:12)
    at Socket.emitUntyped (E:\Code\Pet Projects\mern-chat-app\server\node_modules\socket.io\dist\typed-events.js:69:22)
    at E:\Code\Pet Projects\mern-chat-app\server\node_modules\socket.io\dist\socket.js:704:39
    at processTicksAndRejections (node:internal/process/task_queues:77:11)
info: Server is listening at 3000.
info: Connected to Mongodb.
info: socket io connected successfully
info: Server is listening at 3000.
info: socket io connected successfully
info: Connected to Mongodb.
info: socket io connected successfully
info: socket io connected successfully
info: socket io connected successfully
info: socket io connected successfully
info: socket io connected successfully
info: socket io connected successfully
info: socket io connected successfully
info: socket io connected successfully
info: socket io connected successfully
error: TypeError: Cannot read properties of null (reading 'conversation')
    at Socket.<anonymous> (E:\Code\Pet Projects\mern-chat-app\server\src\sockets\/SocketServer.js:32:32)
    at Socket.emit (node:events:514:28)
    at Socket.emit (node:domain:489:12)
    at Socket.emitUntyped (E:\Code\Pet Projects\mern-chat-app\server\node_modules\socket.io\dist\typed-events.js:69:22)
    at E:\Code\Pet Projects\mern-chat-app\server\node_modules\socket.io\dist\socket.js:704:39
    at processTicksAndRejections (node:internal/process/task_queues:77:11)
info: Server is listening at 3000.
info: Connected to Mongodb.
info: socket io connected successfully
info: socket io connected successfully
info: socket io connected successfully
error: TypeError: Cannot read properties of null (reading 'conversation')
    at Socket.<anonymous> (E:\Code\Pet Projects\mern-chat-app\server\src\sockets\/SocketServer.js:32:32)
    at Socket.emit (node:events:514:28)
    at Socket.emit (node:domain:489:12)
    at Socket.emitUntyped (E:\Code\Pet Projects\mern-chat-app\server\node_modules\socket.io\dist\typed-events.js:69:22)
    at E:\Code\Pet Projects\mern-chat-app\server\node_modules\socket.io\dist\socket.js:704:39
    at processTicksAndRejections (node:internal/process/task_queues:77:11)
info: Server is listening at 3000.
info: Connected to Mongodb.
info: Server is listening at 3000.
info: Server is listening at 3000.
info: Connected to Mongodb.
info: socket io connected successfully
info: socket io connected successfully
info: socket io connected successfully
info: socket io connected successfully
info: socket io connected successfully
info: Server is listening at 3000.
info: socket io connected successfully
info: socket io connected successfully
info: Connected to Mongodb.
info: socket io connected successfully
info: socket io connected successfully
info: socket io connected successfully
info: socket io connected successfully
info: socket io connected successfully
info: Server is listening at 3000.
info: socket io connected successfully
info: Connected to Mongodb.
info: socket io connected successfully
info: socket io connected successfully
info: socket io connected successfully
info: socket io connected successfully
info: socket io connected successfully
info: socket io connected successfully
info: socket io connected successfully
info: socket io connected successfully
info: socket io connected successfully
info: socket io connected successfully
info: socket io connected successfully
info: socket io connected successfully
info: socket io connected successfully
info: socket io connected successfully
info: socket io connected successfully
info: Server is listening at 3000.
info: socket io connected successfully
info: Connected to Mongodb.
info: socket io connected successfully
info: Server is listening at 3000.
info: socket io connected successfully
info: Connected to Mongodb.
info: socket io connected successfully
info: socket io connected successfully
info: socket io connected successfully
info: socket io connected successfully
info: socket io connected successfully
info: socket io connected successfully
info: socket io connected successfully
info: socket io connected successfully
info: socket io connected successfully
info: socket io connected successfully
info: socket io connected successfully
info: socket io connected successfully
info: socket io connected successfully
info: socket io connected successfully
info: socket io connected successfully
info: socket io connected successfully
info: socket io connected successfully
info: socket io connected successfully
info: Server is listening at 3000.
info: Connected to Mongodb.
